Sep 21, 2011 12:19:01 PM org.apache.catalina.core.AprLifecycleListener init
INFO: Loaded APR based Apache Tomcat Native library 1.1.20.
Sep 21, 2011 12:19:01 PM org.apache.catalina.core.AprLifecycleListener init
INFO: APR capabilities: IPv6 [true], sendfile [true], accept filters [false], random [true].
Sep 21, 2011 12:19:01 PM org.apache.coyote.http11.Http11AprProtocol init
INFO: Initializing Coyote HTTP/1.1 on http-8080
Sep 21, 2011 12:19:01 PM org.apache.coyote.ajp.AjpAprProtocol init
INFO: Initializing Coyote AJP/1.3 on ajp-8009
Sep 21, 2011 12:19:01 PM org.apache.catalina.startup.Catalina load
INFO: Initialization processed in 593 ms
Sep 21, 2011 12:19:01 PM org.apache.catalina.core.StandardService start
INFO: Starting service Catalina
Sep 21, 2011 12:19:01 PM org.apache.catalina.core.StandardEngine start
INFO: Starting Servlet Engine: Apache Tomcat/6.0.20
Sep 21, 2011 12:19:11 PM org.apache.cxf.transport.servlet.CXFServlet updateContext
INFO: Load the bus with application context
Sep 21, 2011 12:19:12 PM org.apache.cxf.bus.spring.BusApplicationContext getConfigResources
INFO: No cxf.xml configuration file detected, relying on defaults.
Sep 21, 2011 12:19:13 PM org.apache.cxf.transport.servlet.AbstractCXFServlet replaceDestinationFactory
INFO: Replaced the http destination factory with servlet transport factory
Sep 21, 2011 12:19:14 PM org.apache.catalina.startup.HostConfig deployWAR
INFO: Deploying web application archive drools-guvnor.war
Sep 21, 2011 12:19:22 PM org.apache.coyote.http11.Http11AprProtocol start
INFO: Starting Coyote HTTP/1.1 on http-8080
Sep 21, 2011 12:19:22 PM org.apache.coyote.ajp.AjpAprProtocol start
INFO: Starting Coyote AJP/1.3 on ajp-8009
Sep 21, 2011 12:19:22 PM org.apache.catalina.startup.Catalina start
INFO: Server startup in 20451 ms
Sep 21, 2011 12:23:06 PM org.apache.coyote.http11.Http11AprProtocol pause
INFO: Pausing Coyote HTTP/1.1 on http-8080
Sep 21, 2011 12:23:06 PM org.apache.coyote.ajp.AjpAprProtocol pause
INFO: Pausing Coyote AJP/1.3 on ajp-8009
Sep 21, 2011 12:23:07 PM org.apache.catalina.core.StandardService stop
INFO: Stopping service Catalina
Sep 21, 2011 12:23:10 PM org.apache.coyote.http11.Http11AprProtocol destroy
INFO: Stopping Coyote HTTP/1.1 on http-8080
Sep 21, 2011 12:23:10 PM org.apache.coyote.ajp.AjpAprProtocol destroy
INFO: Stopping Coyote AJP/1.3 on ajp-8009
Sep 21, 2011 12:24:20 PM org.apache.catalina.core.AprLifecycleListener init
INFO: Loaded APR based Apache Tomcat Native library 1.1.20.
Sep 21, 2011 12:24:20 PM org.apache.catalina.core.AprLifecycleListener init
INFO: APR capabilities: IPv6 [true], sendfile [true], accept filters [false], random [true].
Sep 21, 2011 12:24:20 PM org.apache.coyote.http11.Http11AprProtocol init
INFO: Initializing Coyote HTTP/1.1 on http-8080
Sep 21, 2011 12:24:20 PM org.apache.coyote.ajp.AjpAprProtocol init
INFO: Initializing Coyote AJP/1.3 on ajp-8009
Sep 21, 2011 12:24:20 PM org.apache.catalina.startup.Catalina load
INFO: Initialization processed in 603 ms
Sep 21, 2011 12:24:21 PM org.apache.catalina.core.StandardService start
INFO: Starting service Catalina
Sep 21, 2011 12:24:21 PM org.apache.catalina.core.StandardEngine start
INFO: Starting Servlet Engine: Apache Tomcat/6.0.20
Sep 21, 2011 12:24:31 PM org.apache.cxf.transport.servlet.CXFServlet updateContext
INFO: Load the bus with application context
Sep 21, 2011 12:24:31 PM org.apache.cxf.bus.spring.BusApplicationContext getConfigResources
INFO: No cxf.xml configuration file detected, relying on defaults.
Sep 21, 2011 12:24:32 PM org.apache.cxf.transport.servlet.AbstractCXFServlet replaceDestinationFactory
INFO: Replaced the http destination factory with servlet transport factory
Sep 21, 2011 12:24:34 PM org.apache.catalina.startup.HostConfig deployWAR
INFO: Deploying web application archive drools-guvnor.war
Sep 21, 2011 12:24:41 PM org.apache.coyote.http11.Http11AprProtocol start
INFO: Starting Coyote HTTP/1.1 on http-8080
Sep 21, 2011 12:24:41 PM org.apache.coyote.ajp.AjpAprProtocol start
INFO: Starting Coyote AJP/1.3 on ajp-8009
Sep 21, 2011 12:24:41 PM org.apache.catalina.startup.Catalina start
INFO: Server startup in 20302 ms
Sep 21, 2011 12:26:50 PM org.apache.coyote.http11.Http11AprProtocol pause
INFO: Pausing Coyote HTTP/1.1 on http-8080
Sep 21, 2011 12:26:50 PM org.apache.coyote.ajp.AjpAprProtocol pause
INFO: Pausing Coyote AJP/1.3 on ajp-8009
Sep 21, 2011 12:26:51 PM org.apache.catalina.core.StandardService stop
INFO: Stopping service Catalina
Sep 21, 2011 12:26:52 PM org.apache.coyote.http11.Http11AprProtocol destroy
INFO: Stopping Coyote HTTP/1.1 on http-8080
Sep 21, 2011 12:26:52 PM org.apache.coyote.ajp.AjpAprProtocol destroy
INFO: Stopping Coyote AJP/1.3 on ajp-8009
