Sep 22, 2011 2:51:58 PM org.apache.catalina.core.AprLifecycleListener init
INFO: Loaded APR based Apache Tomcat Native library 1.1.20.
Sep 22, 2011 2:51:58 PM org.apache.catalina.core.AprLifecycleListener init
INFO: APR capabilities: IPv6 [true], sendfile [true], accept filters [false], random [true].
Sep 22, 2011 2:51:58 PM org.apache.coyote.http11.Http11AprProtocol init
INFO: Initializing Coyote HTTP/1.1 on http-8080
Sep 22, 2011 2:51:58 PM org.apache.coyote.ajp.AjpAprProtocol init
INFO: Initializing Coyote AJP/1.3 on ajp-8009
Sep 22, 2011 2:51:58 PM org.apache.catalina.startup.Catalina load
INFO: Initialization processed in 538 ms
Sep 22, 2011 2:51:58 PM org.apache.catalina.core.StandardService start
INFO: Starting service Catalina
Sep 22, 2011 2:51:58 PM org.apache.catalina.core.StandardEngine start
INFO: Starting Servlet Engine: Apache Tomcat/6.0.20
Sep 22, 2011 2:52:10 PM org.apache.cxf.transport.servlet.CXFServlet updateContext
INFO: Load the bus with application context
Sep 22, 2011 2:52:10 PM org.apache.cxf.bus.spring.BusApplicationContext getConfigResources
INFO: No cxf.xml configuration file detected, relying on defaults.
Sep 22, 2011 2:52:11 PM org.apache.cxf.transport.servlet.AbstractCXFServlet replaceDestinationFactory
INFO: Replaced the http destination factory with servlet transport factory
Sep 22, 2011 2:52:13 PM org.apache.catalina.startup.HostConfig deployWAR
INFO: Deploying web application archive drools-guvnor.war
Sep 22, 2011 2:52:19 PM org.apache.coyote.http11.Http11AprProtocol start
INFO: Starting Coyote HTTP/1.1 on http-8080
Sep 22, 2011 2:52:19 PM org.apache.coyote.ajp.AjpAprProtocol start
INFO: Starting Coyote AJP/1.3 on ajp-8009
Sep 22, 2011 2:52:19 PM org.apache.catalina.startup.Catalina start
INFO: Server startup in 20982 ms
Sep 22, 2011 2:53:36 PM org.apache.cxf.transport.servlet.ServletController invoke
WARNING: Can't find the request for http://localhost:8080/billing/cxf/soap.service's Observer 
Sep 22, 2011 2:56:28 PM org.apache.cxf.transport.servlet.ServletController invoke
WARNING: Can't find the request for http://localhost:8080/billing/cxf/soap.service's Observer 
Sep 22, 2011 2:57:42 PM org.apache.coyote.http11.Http11AprProtocol pause
INFO: Pausing Coyote HTTP/1.1 on http-8080
Sep 22, 2011 2:57:42 PM org.apache.coyote.ajp.AjpAprProtocol pause
INFO: Pausing Coyote AJP/1.3 on ajp-8009
Sep 22, 2011 2:57:43 PM org.apache.catalina.core.StandardService stop
INFO: Stopping service Catalina
Sep 22, 2011 2:57:45 PM org.apache.coyote.http11.Http11AprProtocol destroy
INFO: Stopping Coyote HTTP/1.1 on http-8080
Sep 22, 2011 2:57:45 PM org.apache.coyote.ajp.AjpAprProtocol destroy
INFO: Stopping Coyote AJP/1.3 on ajp-8009
Sep 22, 2011 3:14:04 PM org.apache.catalina.core.AprLifecycleListener init
INFO: Loaded APR based Apache Tomcat Native library 1.1.20.
Sep 22, 2011 3:14:04 PM org.apache.catalina.core.AprLifecycleListener init
INFO: APR capabilities: IPv6 [true], sendfile [true], accept filters [false], random [true].
Sep 22, 2011 3:14:04 PM org.apache.coyote.http11.Http11AprProtocol init
INFO: Initializing Coyote HTTP/1.1 on http-8080
Sep 22, 2011 3:14:04 PM org.apache.coyote.ajp.AjpAprProtocol init
INFO: Initializing Coyote AJP/1.3 on ajp-8009
Sep 22, 2011 3:14:04 PM org.apache.catalina.startup.Catalina load
INFO: Initialization processed in 484 ms
Sep 22, 2011 3:14:04 PM org.apache.catalina.core.StandardService start
INFO: Starting service Catalina
Sep 22, 2011 3:14:04 PM org.apache.catalina.core.StandardEngine start
INFO: Starting Servlet Engine: Apache Tomcat/6.0.20
Sep 22, 2011 3:14:16 PM org.apache.cxf.transport.servlet.CXFServlet updateContext
INFO: Load the bus with application context
Sep 22, 2011 3:14:16 PM org.apache.cxf.bus.spring.BusApplicationContext getConfigResources
INFO: No cxf.xml configuration file detected, relying on defaults.
Sep 22, 2011 3:14:17 PM org.apache.cxf.transport.servlet.AbstractCXFServlet replaceDestinationFactory
INFO: Replaced the http destination factory with servlet transport factory
Sep 22, 2011 3:14:19 PM org.apache.catalina.startup.HostConfig deployWAR
INFO: Deploying web application archive drools-guvnor.war
Sep 22, 2011 3:14:26 PM org.apache.coyote.http11.Http11AprProtocol start
INFO: Starting Coyote HTTP/1.1 on http-8080
Sep 22, 2011 3:14:26 PM org.apache.coyote.ajp.AjpAprProtocol start
INFO: Starting Coyote AJP/1.3 on ajp-8009
Sep 22, 2011 3:14:26 PM org.apache.catalina.startup.Catalina start
INFO: Server startup in 21846 ms
Sep 22, 2011 3:46:33 PM org.apache.cxf.transport.servlet.ServletController invoke
WARNING: Can't find the request for http://localhost:8080/billing/cxf/soap.service's Observer 
Sep 22, 2011 7:25:51 PM org.apache.coyote.http11.Http11AprProtocol pause
INFO: Pausing Coyote HTTP/1.1 on http-8080
Sep 22, 2011 7:25:51 PM org.apache.coyote.ajp.AjpAprProtocol pause
INFO: Pausing Coyote AJP/1.3 on ajp-8009
Sep 22, 2011 7:25:52 PM org.apache.catalina.core.StandardService stop
INFO: Stopping service Catalina
Sep 22, 2011 7:25:57 PM org.apache.coyote.http11.Http11AprProtocol destroy
INFO: Stopping Coyote HTTP/1.1 on http-8080
Sep 22, 2011 7:25:57 PM org.apache.coyote.ajp.AjpAprProtocol destroy
INFO: Stopping Coyote AJP/1.3 on ajp-8009
Sep 22, 2011 9:33:13 PM org.apache.catalina.core.AprLifecycleListener init
INFO: Loaded APR based Apache Tomcat Native library 1.1.20.
Sep 22, 2011 9:33:13 PM org.apache.catalina.core.AprLifecycleListener init
INFO: APR capabilities: IPv6 [true], sendfile [true], accept filters [false], random [true].
Sep 22, 2011 9:33:13 PM org.apache.coyote.http11.Http11AprProtocol init
INFO: Initializing Coyote HTTP/1.1 on http-8080
Sep 22, 2011 9:33:13 PM org.apache.coyote.ajp.AjpAprProtocol init
INFO: Initializing Coyote AJP/1.3 on ajp-8009
Sep 22, 2011 9:33:13 PM org.apache.catalina.startup.Catalina load
INFO: Initialization processed in 634 ms
Sep 22, 2011 9:33:13 PM org.apache.catalina.core.StandardService start
INFO: Starting service Catalina
Sep 22, 2011 9:33:13 PM org.apache.catalina.core.StandardEngine start
INFO: Starting Servlet Engine: Apache Tomcat/6.0.20
Sep 22, 2011 9:33:25 PM org.apache.cxf.transport.servlet.CXFServlet updateContext
INFO: Load the bus with application context
Sep 22, 2011 9:33:25 PM org.apache.cxf.bus.spring.BusApplicationContext getConfigResources
INFO: No cxf.xml configuration file detected, relying on defaults.
Sep 22, 2011 9:33:26 PM org.apache.cxf.transport.servlet.AbstractCXFServlet replaceDestinationFactory
INFO: Replaced the http destination factory with servlet transport factory
Sep 22, 2011 9:33:28 PM org.apache.catalina.startup.HostConfig deployWAR
INFO: Deploying web application archive drools-guvnor.war
Sep 22, 2011 9:33:34 PM org.apache.coyote.http11.Http11AprProtocol start
INFO: Starting Coyote HTTP/1.1 on http-8080
Sep 22, 2011 9:33:34 PM org.apache.coyote.ajp.AjpAprProtocol start
INFO: Starting Coyote AJP/1.3 on ajp-8009
Sep 22, 2011 9:33:34 PM org.apache.catalina.startup.Catalina start
INFO: Server startup in 20276 ms
Sep 22, 2011 9:38:12 PM com.caucho.hessian.server.HessianSkeleton invoke
WARNING: com.sapienter.jbilling.common.SessionInternalError: Error calling jBilling API. Method: getAllItems Cause: Item pricing task error
com.sapienter.jbilling.common.SessionInternalError: Error calling jBilling API. Method: getAllItems Cause: Item pricing task error
	at com.sapienter.jbilling.server.util.WSExceptionAdvice.afterThrowing(WSExceptionAdvice.java:52)
	at sun.reflect.NativeMethodAccessorImpl.invoke0(Native Method)
	at sun.reflect.NativeMethodAccessorImpl.invoke(NativeMethodAccessorImpl.java:57)
	at sun.reflect.DelegatingMethodAccessorImpl.invoke(DelegatingMethodAccessorImpl.java:43)
	at java.lang.reflect.Method.invoke(Method.java:616)
	at org.springframework.aop.framework.adapter.ThrowsAdviceInterceptor.invokeHandlerMethod(ThrowsAdviceInterceptor.java:146)
	at org.springframework.aop.framework.adapter.ThrowsAdviceInterceptor.invoke(ThrowsAdviceInterceptor.java:131)
	at org.springframework.aop.framework.ReflectiveMethodInvocation.proceed(ReflectiveMethodInvocation.java:171)
	at org.springframework.aop.framework.adapter.MethodBeforeAdviceInterceptor.invoke(MethodBeforeAdviceInterceptor.java:50)
	at org.springframework.aop.framework.ReflectiveMethodInvocation.proceed(ReflectiveMethodInvocation.java:171)
	at org.springframework.aop.framework.JdkDynamicAopProxy.invoke(JdkDynamicAopProxy.java:204)
	at $Proxy20.getAllItems(Unknown Source)
	at sun.reflect.NativeMethodAccessorImpl.invoke0(Native Method)
	at sun.reflect.NativeMethodAccessorImpl.invoke(NativeMethodAccessorImpl.java:57)
	at sun.reflect.DelegatingMethodAccessorImpl.invoke(DelegatingMethodAccessorImpl.java:43)
	at java.lang.reflect.Method.invoke(Method.java:616)
	at org.springframework.aop.support.AopUtils.invokeJoinpointUsingReflection(AopUtils.java:307)
	at org.springframework.aop.framework.ReflectiveMethodInvocation.invokeJoinpoint(ReflectiveMethodInvocation.java:182)
	at org.springframework.aop.framework.ReflectiveMethodInvocation.proceed(ReflectiveMethodInvocation.java:149)
	at org.springframework.remoting.support.RemoteInvocationTraceInterceptor.invoke(RemoteInvocationTraceInterceptor.java:77)
	at org.springframework.aop.framework.ReflectiveMethodInvocation.proceed(ReflectiveMethodInvocation.java:171)
	at org.springframework.aop.framework.JdkDynamicAopProxy.invoke(JdkDynamicAopProxy.java:204)
	at $Proxy19.getAllItems(Unknown Source)
	at sun.reflect.NativeMethodAccessorImpl.invoke0(Native Method)
	at sun.reflect.NativeMethodAccessorImpl.invoke(NativeMethodAccessorImpl.java:57)
	at sun.reflect.DelegatingMethodAccessorImpl.invoke(DelegatingMethodAccessorImpl.java:43)
	at java.lang.reflect.Method.invoke(Method.java:616)
	at com.caucho.hessian.server.HessianSkeleton.invoke(HessianSkeleton.java:180)
	at com.caucho.hessian.server.HessianSkeleton.invoke(HessianSkeleton.java:109)
	at org.springframework.remoting.caucho.Hessian2SkeletonInvoker.invoke(Hessian2SkeletonInvoker.java:94)
	at org.springframework.remoting.caucho.HessianExporter.invoke(HessianExporter.java:142)
	at org.springframework.remoting.caucho.HessianServiceExporter.handleRequest(HessianServiceExporter.java:70)
	at org.springframework.web.servlet.mvc.HttpRequestHandlerAdapter.handle(HttpRequestHandlerAdapter.java:49)
	at org.springframework.web.servlet.DispatcherServlet.doDispatch(DispatcherServlet.java:875)
	at org.springframework.web.servlet.DispatcherServlet.doService(DispatcherServlet.java:807)
	at org.springframework.web.servlet.FrameworkServlet.processRequest(FrameworkServlet.java:571)
	at org.springframework.web.servlet.FrameworkServlet.doPost(FrameworkServlet.java:511)
	at javax.servlet.http.HttpServlet.service(HttpServlet.java:637)
	at javax.servlet.http.HttpServlet.service(HttpServlet.java:717)
	at org.apache.catalina.core.ApplicationFilterChain.internalDoFilter(ApplicationFilterChain.java:290)
	at org.apache.catalina.core.ApplicationFilterChain.doFilter(ApplicationFilterChain.java:206)
	at com.sapienter.jbilling.client.util.WebServicesAuthenticationFilter.doFilter(WebServicesAuthenticationFilter.java:128)
	at org.apache.catalina.core.ApplicationFilterChain.internalDoFilter(ApplicationFilterChain.java:235)
	at org.apache.catalina.core.ApplicationFilterChain.doFilter(ApplicationFilterChain.java:206)
	at org.apache.catalina.core.StandardWrapperValve.invoke(StandardWrapperValve.java:233)
	at org.apache.catalina.core.StandardContextValve.invoke(StandardContextValve.java:191)
	at org.apache.catalina.core.StandardHostValve.invoke(StandardHostValve.java:128)
	at org.apache.catalina.valves.ErrorReportValve.invoke(ErrorReportValve.java:102)
	at org.apache.catalina.core.StandardEngineValve.invoke(StandardEngineValve.java:109)
	at org.apache.catalina.connector.CoyoteAdapter.service(CoyoteAdapter.java:293)
	at org.apache.coyote.http11.Http11AprProcessor.process(Http11AprProcessor.java:859)
	at org.apache.coyote.http11.Http11AprProtocol$Http11ConnectionHandler.process(Http11AprProtocol.java:574)
	at org.apache.tomcat.util.net.AprEndpoint$Worker.run(AprEndpoint.java:1527)
	at java.lang.Thread.run(Thread.java:679)
Caused by: com.sapienter.jbilling.common.SessionInternalError: Item pricing task error
	at com.sapienter.jbilling.server.item.ItemBL.getPrice(ItemBL.java:361)
	at com.sapienter.jbilling.server.item.ItemBL.getDTO(ItemBL.java:390)
	at com.sapienter.jbilling.server.item.ItemBL.getAllItems(ItemBL.java:543)
	at com.sapienter.jbilling.server.util.WebServicesSessionSpringBean.getAllItems(WebServicesSessionSpringBean.java:1093)
	at sun.reflect.NativeMethodAccessorImpl.invoke0(Native Method)
	at sun.reflect.NativeMethodAccessorImpl.invoke(NativeMethodAccessorImpl.java:57)
	at sun.reflect.DelegatingMethodAccessorImpl.invoke(DelegatingMethodAccessorImpl.java:43)
	at java.lang.reflect.Method.invoke(Method.java:616)
	at org.springframework.aop.support.AopUtils.invokeJoinpointUsingReflection(AopUtils.java:307)
	at org.springframework.aop.framework.ReflectiveMethodInvocation.invokeJoinpoint(ReflectiveMethodInvocation.java:182)
	at org.springframework.aop.framework.ReflectiveMethodInvocation.proceed(ReflectiveMethodInvocation.java:149)
	at org.springframework.transaction.interceptor.TransactionInterceptor.invoke(TransactionInterceptor.java:106)
	at org.springframework.aop.framework.ReflectiveMethodInvocation.proceed(ReflectiveMethodInvocation.java:171)
	at org.springframework.aop.framework.JdkDynamicAopProxy.invoke(JdkDynamicAopProxy.java:204)
	at $Proxy19.getAllItems(Unknown Source)
	at sun.reflect.NativeMethodAccessorImpl.invoke0(Native Method)
	at sun.reflect.NativeMethodAccessorImpl.invoke(NativeMethodAccessorImpl.java:57)
	at sun.reflect.DelegatingMethodAccessorImpl.invoke(DelegatingMethodAccessorImpl.java:43)
	at java.lang.reflect.Method.invoke(Method.java:616)
	at org.springframework.aop.support.AopUtils.invokeJoinpointUsingReflection(AopUtils.java:307)
	at org.springframework.aop.framework.ReflectiveMethodInvocation.invokeJoinpoint(ReflectiveMethodInvocation.java:182)
	at org.springframework.aop.framework.ReflectiveMethodInvocation.proceed(ReflectiveMethodInvocation.java:149)
	at org.springframework.aop.framework.adapter.AfterReturningAdviceInterceptor.invoke(AfterReturningAdviceInterceptor.java:50)
	at org.springframework.aop.framework.ReflectiveMethodInvocation.proceed(ReflectiveMethodInvocation.java:171)
	at org.springframework.aop.framework.adapter.MethodBeforeAdviceInterceptor.invoke(MethodBeforeAdviceInterceptor.java:50)
	at org.springframework.aop.framework.ReflectiveMethodInvocation.proceed(ReflectiveMethodInvocation.java:171)
	at org.springframework.aop.framework.adapter.ThrowsAdviceInterceptor.invoke(ThrowsAdviceInterceptor.java:126)
	... 47 more
Sep 22, 2011 10:13:41 PM com.caucho.hessian.server.HessianSkeleton invoke
WARNING: com.sapienter.jbilling.common.SessionInternalError: Error calling jBilling API. Method: getAllItems Cause: Item pricing task error
com.sapienter.jbilling.common.SessionInternalError: Error calling jBilling API. Method: getAllItems Cause: Item pricing task error
	at com.sapienter.jbilling.server.util.WSExceptionAdvice.afterThrowing(WSExceptionAdvice.java:52)
	at sun.reflect.NativeMethodAccessorImpl.invoke0(Native Method)
	at sun.reflect.NativeMethodAccessorImpl.invoke(NativeMethodAccessorImpl.java:57)
	at sun.reflect.DelegatingMethodAccessorImpl.invoke(DelegatingMethodAccessorImpl.java:43)
	at java.lang.reflect.Method.invoke(Method.java:616)
	at org.springframework.aop.framework.adapter.ThrowsAdviceInterceptor.invokeHandlerMethod(ThrowsAdviceInterceptor.java:146)
	at org.springframework.aop.framework.adapter.ThrowsAdviceInterceptor.invoke(ThrowsAdviceInterceptor.java:131)
	at org.springframework.aop.framework.ReflectiveMethodInvocation.proceed(ReflectiveMethodInvocation.java:171)
	at org.springframework.aop.framework.adapter.MethodBeforeAdviceInterceptor.invoke(MethodBeforeAdviceInterceptor.java:50)
	at org.springframework.aop.framework.ReflectiveMethodInvocation.proceed(ReflectiveMethodInvocation.java:171)
	at org.springframework.aop.framework.JdkDynamicAopProxy.invoke(JdkDynamicAopProxy.java:204)
	at $Proxy20.getAllItems(Unknown Source)
	at sun.reflect.NativeMethodAccessorImpl.invoke0(Native Method)
	at sun.reflect.NativeMethodAccessorImpl.invoke(NativeMethodAccessorImpl.java:57)
	at sun.reflect.DelegatingMethodAccessorImpl.invoke(DelegatingMethodAccessorImpl.java:43)
	at java.lang.reflect.Method.invoke(Method.java:616)
	at org.springframework.aop.support.AopUtils.invokeJoinpointUsingReflection(AopUtils.java:307)
	at org.springframework.aop.framework.ReflectiveMethodInvocation.invokeJoinpoint(ReflectiveMethodInvocation.java:182)
	at org.springframework.aop.framework.ReflectiveMethodInvocation.proceed(ReflectiveMethodInvocation.java:149)
	at org.springframework.remoting.support.RemoteInvocationTraceInterceptor.invoke(RemoteInvocationTraceInterceptor.java:77)
	at org.springframework.aop.framework.ReflectiveMethodInvocation.proceed(ReflectiveMethodInvocation.java:171)
	at org.springframework.aop.framework.JdkDynamicAopProxy.invoke(JdkDynamicAopProxy.java:204)
	at $Proxy19.getAllItems(Unknown Source)
	at sun.reflect.NativeMethodAccessorImpl.invoke0(Native Method)
	at sun.reflect.NativeMethodAccessorImpl.invoke(NativeMethodAccessorImpl.java:57)
	at sun.reflect.DelegatingMethodAccessorImpl.invoke(DelegatingMethodAccessorImpl.java:43)
	at java.lang.reflect.Method.invoke(Method.java:616)
	at com.caucho.hessian.server.HessianSkeleton.invoke(HessianSkeleton.java:180)
	at com.caucho.hessian.server.HessianSkeleton.invoke(HessianSkeleton.java:109)
	at org.springframework.remoting.caucho.Hessian2SkeletonInvoker.invoke(Hessian2SkeletonInvoker.java:94)
	at org.springframework.remoting.caucho.HessianExporter.invoke(HessianExporter.java:142)
	at org.springframework.remoting.caucho.HessianServiceExporter.handleRequest(HessianServiceExporter.java:70)
	at org.springframework.web.servlet.mvc.HttpRequestHandlerAdapter.handle(HttpRequestHandlerAdapter.java:49)
	at org.springframework.web.servlet.DispatcherServlet.doDispatch(DispatcherServlet.java:875)
	at org.springframework.web.servlet.DispatcherServlet.doService(DispatcherServlet.java:807)
	at org.springframework.web.servlet.FrameworkServlet.processRequest(FrameworkServlet.java:571)
	at org.springframework.web.servlet.FrameworkServlet.doPost(FrameworkServlet.java:511)
	at javax.servlet.http.HttpServlet.service(HttpServlet.java:637)
	at javax.servlet.http.HttpServlet.service(HttpServlet.java:717)
	at org.apache.catalina.core.ApplicationFilterChain.internalDoFilter(ApplicationFilterChain.java:290)
	at org.apache.catalina.core.ApplicationFilterChain.doFilter(ApplicationFilterChain.java:206)
	at com.sapienter.jbilling.client.util.WebServicesAuthenticationFilter.doFilter(WebServicesAuthenticationFilter.java:128)
	at org.apache.catalina.core.ApplicationFilterChain.internalDoFilter(ApplicationFilterChain.java:235)
	at org.apache.catalina.core.ApplicationFilterChain.doFilter(ApplicationFilterChain.java:206)
	at org.apache.catalina.core.StandardWrapperValve.invoke(StandardWrapperValve.java:233)
	at org.apache.catalina.core.StandardContextValve.invoke(StandardContextValve.java:191)
	at org.apache.catalina.core.StandardHostValve.invoke(StandardHostValve.java:128)
	at org.apache.catalina.valves.ErrorReportValve.invoke(ErrorReportValve.java:102)
	at org.apache.catalina.core.StandardEngineValve.invoke(StandardEngineValve.java:109)
	at org.apache.catalina.connector.CoyoteAdapter.service(CoyoteAdapter.java:293)
	at org.apache.coyote.http11.Http11AprProcessor.process(Http11AprProcessor.java:859)
	at org.apache.coyote.http11.Http11AprProtocol$Http11ConnectionHandler.process(Http11AprProtocol.java:574)
	at org.apache.tomcat.util.net.AprEndpoint$Worker.run(AprEndpoint.java:1527)
	at java.lang.Thread.run(Thread.java:679)
Caused by: com.sapienter.jbilling.common.SessionInternalError: Item pricing task error
	at com.sapienter.jbilling.server.item.ItemBL.getPrice(ItemBL.java:361)
	at com.sapienter.jbilling.server.item.ItemBL.getDTO(ItemBL.java:390)
	at com.sapienter.jbilling.server.item.ItemBL.getAllItems(ItemBL.java:543)
	at com.sapienter.jbilling.server.util.WebServicesSessionSpringBean.getAllItems(WebServicesSessionSpringBean.java:1093)
	at sun.reflect.NativeMethodAccessorImpl.invoke0(Native Method)
	at sun.reflect.NativeMethodAccessorImpl.invoke(NativeMethodAccessorImpl.java:57)
	at sun.reflect.DelegatingMethodAccessorImpl.invoke(DelegatingMethodAccessorImpl.java:43)
	at java.lang.reflect.Method.invoke(Method.java:616)
	at org.springframework.aop.support.AopUtils.invokeJoinpointUsingReflection(AopUtils.java:307)
	at org.springframework.aop.framework.ReflectiveMethodInvocation.invokeJoinpoint(ReflectiveMethodInvocation.java:182)
	at org.springframework.aop.framework.ReflectiveMethodInvocation.proceed(ReflectiveMethodInvocation.java:149)
	at org.springframework.transaction.interceptor.TransactionInterceptor.invoke(TransactionInterceptor.java:106)
	at org.springframework.aop.framework.ReflectiveMethodInvocation.proceed(ReflectiveMethodInvocation.java:171)
	at org.springframework.aop.framework.JdkDynamicAopProxy.invoke(JdkDynamicAopProxy.java:204)
	at $Proxy19.getAllItems(Unknown Source)
	at sun.reflect.NativeMethodAccessorImpl.invoke0(Native Method)
	at sun.reflect.NativeMethodAccessorImpl.invoke(NativeMethodAccessorImpl.java:57)
	at sun.reflect.DelegatingMethodAccessorImpl.invoke(DelegatingMethodAccessorImpl.java:43)
	at java.lang.reflect.Method.invoke(Method.java:616)
	at org.springframework.aop.support.AopUtils.invokeJoinpointUsingReflection(AopUtils.java:307)
	at org.springframework.aop.framework.ReflectiveMethodInvocation.invokeJoinpoint(ReflectiveMethodInvocation.java:182)
	at org.springframework.aop.framework.ReflectiveMethodInvocation.proceed(ReflectiveMethodInvocation.java:149)
	at org.springframework.aop.framework.adapter.AfterReturningAdviceInterceptor.invoke(AfterReturningAdviceInterceptor.java:50)
	at org.springframework.aop.framework.ReflectiveMethodInvocation.proceed(ReflectiveMethodInvocation.java:171)
	at org.springframework.aop.framework.adapter.MethodBeforeAdviceInterceptor.invoke(MethodBeforeAdviceInterceptor.java:50)
	at org.springframework.aop.framework.ReflectiveMethodInvocation.proceed(ReflectiveMethodInvocation.java:171)
	at org.springframework.aop.framework.adapter.ThrowsAdviceInterceptor.invoke(ThrowsAdviceInterceptor.java:126)
	... 47 more
Sep 22, 2011 10:26:33 PM com.caucho.hessian.server.HessianSkeleton invoke
WARNING: com.sapienter.jbilling.common.SessionInternalError: Error calling jBilling API. Method: createItem Cause: null
com.sapienter.jbilling.common.SessionInternalError: Error calling jBilling API. Method: createItem Cause: null
	at com.sapienter.jbilling.server.util.WSExceptionAdvice.afterThrowing(WSExceptionAdvice.java:52)
	at sun.reflect.NativeMethodAccessorImpl.invoke0(Native Method)
	at sun.reflect.NativeMethodAccessorImpl.invoke(NativeMethodAccessorImpl.java:57)
	at sun.reflect.DelegatingMethodAccessorImpl.invoke(DelegatingMethodAccessorImpl.java:43)
	at java.lang.reflect.Method.invoke(Method.java:616)
	at org.springframework.aop.framework.adapter.ThrowsAdviceInterceptor.invokeHandlerMethod(ThrowsAdviceInterceptor.java:146)
	at org.springframework.aop.framework.adapter.ThrowsAdviceInterceptor.invoke(ThrowsAdviceInterceptor.java:131)
	at org.springframework.aop.framework.ReflectiveMethodInvocation.proceed(ReflectiveMethodInvocation.java:171)
	at org.springframework.aop.framework.adapter.MethodBeforeAdviceInterceptor.invoke(MethodBeforeAdviceInterceptor.java:50)
	at org.springframework.aop.framework.ReflectiveMethodInvocation.proceed(ReflectiveMethodInvocation.java:171)
	at org.springframework.aop.framework.JdkDynamicAopProxy.invoke(JdkDynamicAopProxy.java:204)
	at $Proxy20.createItem(Unknown Source)
	at sun.reflect.GeneratedMethodAccessor152.invoke(Unknown Source)
	at sun.reflect.DelegatingMethodAccessorImpl.invoke(DelegatingMethodAccessorImpl.java:43)
	at java.lang.reflect.Method.invoke(Method.java:616)
	at org.springframework.aop.support.AopUtils.invokeJoinpointUsingReflection(AopUtils.java:307)
	at org.springframework.aop.framework.ReflectiveMethodInvocation.invokeJoinpoint(ReflectiveMethodInvocation.java:182)
	at org.springframework.aop.framework.ReflectiveMethodInvocation.proceed(ReflectiveMethodInvocation.java:149)
	at org.springframework.remoting.support.RemoteInvocationTraceInterceptor.invoke(RemoteInvocationTraceInterceptor.java:77)
	at org.springframework.aop.framework.ReflectiveMethodInvocation.proceed(ReflectiveMethodInvocation.java:171)
	at org.springframework.aop.framework.JdkDynamicAopProxy.invoke(JdkDynamicAopProxy.java:204)
	at $Proxy19.createItem(Unknown Source)
	at sun.reflect.GeneratedMethodAccessor152.invoke(Unknown Source)
	at sun.reflect.DelegatingMethodAccessorImpl.invoke(DelegatingMethodAccessorImpl.java:43)
	at java.lang.reflect.Method.invoke(Method.java:616)
	at com.caucho.hessian.server.HessianSkeleton.invoke(HessianSkeleton.java:180)
	at com.caucho.hessian.server.HessianSkeleton.invoke(HessianSkeleton.java:109)
	at org.springframework.remoting.caucho.Hessian2SkeletonInvoker.invoke(Hessian2SkeletonInvoker.java:94)
	at org.springframework.remoting.caucho.HessianExporter.invoke(HessianExporter.java:142)
	at org.springframework.remoting.caucho.HessianServiceExporter.handleRequest(HessianServiceExporter.java:70)
	at org.springframework.web.servlet.mvc.HttpRequestHandlerAdapter.handle(HttpRequestHandlerAdapter.java:49)
	at org.springframework.web.servlet.DispatcherServlet.doDispatch(DispatcherServlet.java:875)
	at org.springframework.web.servlet.DispatcherServlet.doService(DispatcherServlet.java:807)
	at org.springframework.web.servlet.FrameworkServlet.processRequest(FrameworkServlet.java:571)
	at org.springframework.web.servlet.FrameworkServlet.doPost(FrameworkServlet.java:511)
	at javax.servlet.http.HttpServlet.service(HttpServlet.java:637)
	at javax.servlet.http.HttpServlet.service(HttpServlet.java:717)
	at org.apache.catalina.core.ApplicationFilterChain.internalDoFilter(ApplicationFilterChain.java:290)
	at org.apache.catalina.core.ApplicationFilterChain.doFilter(ApplicationFilterChain.java:206)
	at com.sapienter.jbilling.client.util.WebServicesAuthenticationFilter.doFilter(WebServicesAuthenticationFilter.java:128)
	at org.apache.catalina.core.ApplicationFilterChain.internalDoFilter(ApplicationFilterChain.java:235)
	at org.apache.catalina.core.ApplicationFilterChain.doFilter(ApplicationFilterChain.java:206)
	at org.apache.catalina.core.StandardWrapperValve.invoke(StandardWrapperValve.java:233)
	at org.apache.catalina.core.StandardContextValve.invoke(StandardContextValve.java:191)
	at org.apache.catalina.core.StandardHostValve.invoke(StandardHostValve.java:128)
	at org.apache.catalina.valves.ErrorReportValve.invoke(ErrorReportValve.java:102)
	at org.apache.catalina.core.StandardEngineValve.invoke(StandardEngineValve.java:109)
	at org.apache.catalina.connector.CoyoteAdapter.service(CoyoteAdapter.java:293)
	at org.apache.coyote.http11.Http11AprProcessor.process(Http11AprProcessor.java:859)
	at org.apache.coyote.http11.Http11AprProtocol$Http11ConnectionHandler.process(Http11AprProtocol.java:574)
	at org.apache.tomcat.util.net.AprEndpoint$Worker.run(AprEndpoint.java:1527)
	at java.lang.Thread.run(Thread.java:679)
Caused by: java.lang.NullPointerException
	at com.sapienter.jbilling.server.item.db.ItemDTO.setTypes(ItemDTO.java:311)
	at com.sapienter.jbilling.server.item.ItemBL.getDTO(ItemBL.java:424)
	at com.sapienter.jbilling.server.util.WebServicesSessionSpringBean.createItem(WebServicesSessionSpringBean.java:1072)
	at sun.reflect.GeneratedMethodAccessor152.invoke(Unknown Source)
	at sun.reflect.DelegatingMethodAccessorImpl.invoke(DelegatingMethodAccessorImpl.java:43)
	at java.lang.reflect.Method.invoke(Method.java:616)
	at org.springframework.aop.support.AopUtils.invokeJoinpointUsingReflection(AopUtils.java:307)
	at org.springframework.aop.framework.ReflectiveMethodInvocation.invokeJoinpoint(ReflectiveMethodInvocation.java:182)
	at org.springframework.aop.framework.ReflectiveMethodInvocation.proceed(ReflectiveMethodInvocation.java:149)
	at org.springframework.transaction.interceptor.TransactionInterceptor.invoke(TransactionInterceptor.java:106)
	at org.springframework.aop.framework.ReflectiveMethodInvocation.proceed(ReflectiveMethodInvocation.java:171)
	at org.springframework.aop.framework.JdkDynamicAopProxy.invoke(JdkDynamicAopProxy.java:204)
	at $Proxy19.createItem(Unknown Source)
	at sun.reflect.GeneratedMethodAccessor152.invoke(Unknown Source)
	at sun.reflect.DelegatingMethodAccessorImpl.invoke(DelegatingMethodAccessorImpl.java:43)
	at java.lang.reflect.Method.invoke(Method.java:616)
	at org.springframework.aop.support.AopUtils.invokeJoinpointUsingReflection(AopUtils.java:307)
	at org.springframework.aop.framework.ReflectiveMethodInvocation.invokeJoinpoint(ReflectiveMethodInvocation.java:182)
	at org.springframework.aop.framework.ReflectiveMethodInvocation.proceed(ReflectiveMethodInvocation.java:149)
	at org.springframework.aop.framework.adapter.AfterReturningAdviceInterceptor.invoke(AfterReturningAdviceInterceptor.java:50)
	at org.springframework.aop.framework.ReflectiveMethodInvocation.proceed(ReflectiveMethodInvocation.java:171)
	at org.springframework.aop.framework.adapter.MethodBeforeAdviceInterceptor.invoke(MethodBeforeAdviceInterceptor.java:50)
	at org.springframework.aop.framework.ReflectiveMethodInvocation.proceed(ReflectiveMethodInvocation.java:171)
	at org.springframework.aop.framework.adapter.ThrowsAdviceInterceptor.invoke(ThrowsAdviceInterceptor.java:126)
	... 45 more
Sep 22, 2011 10:52:04 PM org.apache.coyote.http11.Http11AprProtocol pause
INFO: Pausing Coyote HTTP/1.1 on http-8080
Sep 22, 2011 10:52:04 PM org.apache.coyote.ajp.AjpAprProtocol pause
INFO: Pausing Coyote AJP/1.3 on ajp-8009
Sep 22, 2011 10:52:05 PM org.apache.catalina.core.StandardService stop
INFO: Stopping service Catalina
Sep 22, 2011 10:52:07 PM org.apache.coyote.http11.Http11AprProtocol destroy
INFO: Stopping Coyote HTTP/1.1 on http-8080
Sep 22, 2011 10:52:07 PM org.apache.coyote.ajp.AjpAprProtocol destroy
INFO: Stopping Coyote AJP/1.3 on ajp-8009
