2011-09-27 15:35:00,642 DEBUG [com.sapienter.jbilling.common.SystemProperties] System properties loaded
2011-09-27 15:35:00,687 DEBUG [com.sapienter.jbilling.client.util.JBillingListener] Processing pluggable scheduled tasks...
2011-09-27 15:35:06,648 DEBUG [com.sapienter.jbilling.server.pluggableTask.admin.PluggableTaskManager] total classes = 2
2011-09-27 15:35:06,648 DEBUG [com.sapienter.jbilling.client.util.JBillingListener] 2 scheduled tasks for entity 1
2011-09-27 15:35:06,648 DEBUG [com.sapienter.jbilling.server.pluggableTask.admin.PluggableTaskManager] Applying task com.sapienter.jbilling.server.mediation.task.MediationProcessTask
2011-09-27 15:35:06,712 DEBUG [com.sapienter.jbilling.client.util.JBillingListener] scheduled task 'mediation process - start: , end: null, repeat: infinite, interval: 720 mins', class com.sapienter.jbilling.server.mediation.task.MediationProcessTask
2011-09-27 15:35:06,713 DEBUG [com.sapienter.jbilling.server.mediation.task.MediationProcessTask] Scheduling mediation process from jbilling.properties ...
2011-09-27 15:35:06,713 DEBUG [com.sapienter.jbilling.server.pluggableTask.admin.PluggableTaskManager] Applying task com.sapienter.jbilling.server.billing.task.BillingProcessTask
2011-09-27 15:35:06,714 ERROR [com.sapienter.jbilling.client.util.JBillingListener] Exception occurred scheduling pluggable tasks.
com.sapienter.jbilling.server.pluggableTask.admin.PluggableTaskException: Can't find the classes for this task. Class: com.sapienter.jbilling.server.billing.task.BillingProcessTask Interface: com.sapienter.jbilling.server.process.task.IScheduledTask
	at com.sapienter.jbilling.server.pluggableTask.admin.PluggableTaskManager.getInstance(PluggableTaskManager.java:110)
	at com.sapienter.jbilling.server.pluggableTask.admin.PluggableTaskManager.getNextClass(PluggableTaskManager.java:87)
	at com.sapienter.jbilling.client.util.JBillingListener.contextInitialized(JBillingListener.java:77)
	at org.apache.catalina.core.StandardContext.listenerStart(StandardContext.java:3934)
	at org.apache.catalina.core.StandardContext.start(StandardContext.java:4429)
	at org.apache.catalina.core.ContainerBase.addChildInternal(ContainerBase.java:791)
	at org.apache.catalina.core.ContainerBase.addChild(ContainerBase.java:771)
	at org.apache.catalina.core.StandardHost.addChild(StandardHost.java:526)
	at org.apache.catalina.startup.HostConfig.deployWAR(HostConfig.java:850)
	at org.apache.catalina.startup.HostConfig.deployWARs(HostConfig.java:724)
	at org.apache.catalina.startup.HostConfig.deployApps(HostConfig.java:493)
	at org.apache.catalina.startup.HostConfig.start(HostConfig.java:1206)
	at org.apache.catalina.startup.HostConfig.lifecycleEvent(HostConfig.java:314)
	at org.apache.catalina.util.LifecycleSupport.fireLifecycleEvent(LifecycleSupport.java:119)
	at org.apache.catalina.core.ContainerBase.start(ContainerBase.java:1053)
	at org.apache.catalina.core.StandardHost.start(StandardHost.java:722)
	at org.apache.catalina.core.ContainerBase.start(ContainerBase.java:1045)
	at org.apache.catalina.core.StandardEngine.start(StandardEngine.java:443)
	at org.apache.catalina.core.StandardService.start(StandardService.java:516)
	at org.apache.catalina.core.StandardServer.start(StandardServer.java:710)
	at org.apache.catalina.startup.Catalina.start(Catalina.java:583)
	at sun.reflect.NativeMethodAccessorImpl.invoke0(Native Method)
	at sun.reflect.NativeMethodAccessorImpl.invoke(NativeMethodAccessorImpl.java:57)
	at sun.reflect.DelegatingMethodAccessorImpl.invoke(DelegatingMethodAccessorImpl.java:43)
	at java.lang.reflect.Method.invoke(Method.java:616)
	at org.apache.catalina.startup.Bootstrap.start(Bootstrap.java:288)
	at org.apache.catalina.startup.Bootstrap.main(Bootstrap.java:413)
Caused by: java.lang.ClassNotFoundException: com.sapienter.jbilling.server.billing.task.BillingProcessTask
	at org.apache.catalina.loader.WebappClassLoader.loadClass(WebappClassLoader.java:1387)
	at org.apache.catalina.loader.WebappClassLoader.loadClass(WebappClassLoader.java:1233)
	at java.lang.Class.forName0(Native Method)
	at java.lang.Class.forName(Class.java:186)
	at com.sapienter.jbilling.server.pluggableTask.admin.PluggableTaskManager.getInstance(PluggableTaskManager.java:97)
	... 26 more
2011-09-27 15:35:06,715 DEBUG [com.sapienter.jbilling.client.util.JBillingListener] Starting up the scheduler...
2011-09-27 15:35:06,715 DEBUG [com.sapienter.jbilling.client.util.JBillingListener] Loadding application currency symbols
2011-09-27 15:35:06,737 INFO  [com.sapienter.jbilling.common.JNDILookup] Default Context set
2011-09-27 15:35:06,737 INFO  [com.sapienter.jbilling.common.JNDILookup] New EJBFactory created.
2011-09-27 15:35:06,757 DEBUG [com.sapienter.jbilling.server.list.ListSessionBean] symbols total = 12 content=[Lcom.sapienter.jbilling.server.util.db.CurrencyDTO;@15dd61
2011-09-27 15:35:14,069 DEBUG [com.sapienter.jbilling.server.util.api.APILogger] Call to getItemByCategory parameters: [2300]
2011-09-27 15:35:14,082 DEBUG [com.sapienter.jbilling.server.util.db.JbillingTableDAS] Looking for table + item
2011-09-27 15:35:14,130 DEBUG [com.sapienter.jbilling.server.util.api.APILogger] Done call to getItemByCategory returning: [{id=3001 number=110-020-0I-S percentage=null priceManual=1 hasDecimals=0 deleted=1 entityId=1}][{id=3002 number=110-030-0I-S percentage=null priceManual=1 hasDecimals=0 deleted=0 entityId=1}][{id=3003 number=110-040-0I-S percentage=null priceManual=1 hasDecimals=0 deleted=0 entityId=1}][{id=3004 number=110-050-0I-S percentage=null priceManual=1 hasDecimals=0 deleted=0 entityId=1}][{id=3005 number=110-060-0I-S percentage=null priceManual=1 hasDecimals=0 deleted=0 entityId=1}][{id=3006 number=110-070-0I-S percentage=null priceManual=1 hasDecimals=0 deleted=0 entityId=1}][{id=3007 number=110-080-0I-S percentage=null priceManual=1 hasDecimals=0 deleted=0 entityId=1}][{id=3008 number=110-090-0I-S percentage=null priceManual=1 hasDecimals=0 deleted=0 entityId=1}][{id=3009 number=110-100-0I-S percentage=null priceManual=1 hasDecimals=0 deleted=0 entityId=1}][{id=3010 number=110-110-0I-S percentage=null priceManual=1 hasDecimals=0 deleted=0 entityId=1}][{id=3011 number=110-120-0I-S percentage=null priceManual=1 hasDecimals=0 deleted=0 entityId=1}][{id=3012 number=110-130-0I-S percentage=null priceManual=1 hasDecimals=0 deleted=0 entityId=1}][{id=3013 number=110-140-0I-S percentage=null priceManual=1 hasDecimals=0 deleted=0 entityId=1}][{id=3014 number=110-150-0I-S percentage=null priceManual=1 hasDecimals=0 deleted=0 entityId=1}][{id=3015 number=110-160-0I-S percentage=null priceManual=1 hasDecimals=0 deleted=0 entityId=1}][{id=3000 number=110-010-0I-S percentage=null priceManual=1 hasDecimals=0 deleted=1 entityId=1}][{id=3016 number=110-990-0I-S percentage=null priceManual=1 hasDecimals=0 deleted=0 entityId=1}]
2011-09-27 15:36:34,832 DEBUG [com.sapienter.jbilling.server.util.api.APILogger] Call to getItemByCategory parameters: [2300]
2011-09-27 15:36:34,845 DEBUG [com.sapienter.jbilling.server.util.api.APILogger] Done call to getItemByCategory returning: [{id=3001 number=110-020-0I-S percentage=null priceManual=1 hasDecimals=0 deleted=1 entityId=1}][{id=3002 number=110-030-0I-S percentage=null priceManual=1 hasDecimals=0 deleted=0 entityId=1}][{id=3003 number=110-040-0I-S percentage=null priceManual=1 hasDecimals=0 deleted=0 entityId=1}][{id=3004 number=110-050-0I-S percentage=null priceManual=1 hasDecimals=0 deleted=0 entityId=1}][{id=3005 number=110-060-0I-S percentage=null priceManual=1 hasDecimals=0 deleted=0 entityId=1}][{id=3006 number=110-070-0I-S percentage=null priceManual=1 hasDecimals=0 deleted=0 entityId=1}][{id=3007 number=110-080-0I-S percentage=null priceManual=1 hasDecimals=0 deleted=0 entityId=1}][{id=3008 number=110-090-0I-S percentage=null priceManual=1 hasDecimals=0 deleted=0 entityId=1}][{id=3009 number=110-100-0I-S percentage=null priceManual=1 hasDecimals=0 deleted=0 entityId=1}][{id=3010 number=110-110-0I-S percentage=null priceManual=1 hasDecimals=0 deleted=0 entityId=1}][{id=3011 number=110-120-0I-S percentage=null priceManual=1 hasDecimals=0 deleted=0 entityId=1}][{id=3012 number=110-130-0I-S percentage=null priceManual=1 hasDecimals=0 deleted=0 entityId=1}][{id=3013 number=110-140-0I-S percentage=null priceManual=1 hasDecimals=0 deleted=0 entityId=1}][{id=3014 number=110-150-0I-S percentage=null priceManual=1 hasDecimals=0 deleted=0 entityId=1}][{id=3015 number=110-160-0I-S percentage=null priceManual=1 hasDecimals=0 deleted=0 entityId=1}][{id=3000 number=110-010-0I-S percentage=null priceManual=1 hasDecimals=0 deleted=1 entityId=1}][{id=3016 number=110-990-0I-S percentage=null priceManual=1 hasDecimals=0 deleted=0 entityId=1}]
2011-09-27 15:36:34,865 DEBUG [com.sapienter.jbilling.server.util.api.APILogger] Call to deleteItem parameters: [{id=3001 number=110-020-0I-S percentage=null priceManual=1 hasDecimals=0 deleted=1 entityId=1}]
2011-09-27 15:36:34,927 DEBUG [com.sapienter.jbilling.server.util.api.APILogger] Done call to deleteItem returning: null
2011-09-27 15:36:34,945 DEBUG [com.sapienter.jbilling.server.util.api.APILogger] Call to getItemByCategory parameters: [2300]
2011-09-27 15:36:34,958 DEBUG [com.sapienter.jbilling.server.util.api.APILogger] Done call to getItemByCategory returning: [{id=3001 number=110-020-0I-S percentage=null priceManual=1 hasDecimals=0 deleted=1 entityId=1}][{id=3002 number=110-030-0I-S percentage=null priceManual=1 hasDecimals=0 deleted=0 entityId=1}][{id=3003 number=110-040-0I-S percentage=null priceManual=1 hasDecimals=0 deleted=0 entityId=1}][{id=3004 number=110-050-0I-S percentage=null priceManual=1 hasDecimals=0 deleted=0 entityId=1}][{id=3005 number=110-060-0I-S percentage=null priceManual=1 hasDecimals=0 deleted=0 entityId=1}][{id=3006 number=110-070-0I-S percentage=null priceManual=1 hasDecimals=0 deleted=0 entityId=1}][{id=3007 number=110-080-0I-S percentage=null priceManual=1 hasDecimals=0 deleted=0 entityId=1}][{id=3008 number=110-090-0I-S percentage=null priceManual=1 hasDecimals=0 deleted=0 entityId=1}][{id=3009 number=110-100-0I-S percentage=null priceManual=1 hasDecimals=0 deleted=0 entityId=1}][{id=3010 number=110-110-0I-S percentage=null priceManual=1 hasDecimals=0 deleted=0 entityId=1}][{id=3011 number=110-120-0I-S percentage=null priceManual=1 hasDecimals=0 deleted=0 entityId=1}][{id=3012 number=110-130-0I-S percentage=null priceManual=1 hasDecimals=0 deleted=0 entityId=1}][{id=3013 number=110-140-0I-S percentage=null priceManual=1 hasDecimals=0 deleted=0 entityId=1}][{id=3014 number=110-150-0I-S percentage=null priceManual=1 hasDecimals=0 deleted=0 entityId=1}][{id=3015 number=110-160-0I-S percentage=null priceManual=1 hasDecimals=0 deleted=0 entityId=1}][{id=3000 number=110-010-0I-S percentage=null priceManual=1 hasDecimals=0 deleted=1 entityId=1}][{id=3016 number=110-990-0I-S percentage=null priceManual=1 hasDecimals=0 deleted=0 entityId=1}]
2011-09-27 15:36:34,968 DEBUG [com.sapienter.jbilling.server.util.api.APILogger] Call to deleteItemType parameters: [2300]
2011-09-27 15:36:35,168 DEBUG [com.sapienter.jbilling.server.util.db.JbillingTableDAS] Looking for table + item_type
2011-09-27 15:36:35,246 DEBUG [com.sapienter.jbilling.server.util.api.APILogger] Done call to deleteItemType returning: null
2011-09-27 15:36:35,255 DEBUG [com.sapienter.jbilling.server.util.api.APILogger] Call to getItemByCategory parameters: [2300]
2011-09-27 15:36:35,268 DEBUG [com.sapienter.jbilling.server.util.api.APILogger] Done call to getItemByCategory returning: 
2011-09-27 15:37:39,760 DEBUG [com.sapienter.jbilling.server.util.PreferenceBL] Now looking for preference 2 ent null table entity
2011-09-27 15:37:39,768 DEBUG [com.sapienter.jbilling.server.util.PreferenceBL] Looking for preference default for type 2
2011-09-27 15:37:39,891 DEBUG [com.sapienter.jbilling.server.user.UserSessionBean] Using default
2011-09-27 15:37:39,891 DEBUG [com.sapienter.jbilling.server.user.UserSessionBean] result for 2 =/billing/css/jbilling.css
2011-09-27 15:37:44,476 DEBUG [com.sapienter.jbilling.server.user.UserSessionBean] Authentication of admin password = [1234qwe] entity = 1
2011-09-27 15:37:44,478 DEBUG [com.sapienter.jbilling.server.util.DTOFactory] getting the user admin
2011-09-27 15:37:44,485 DEBUG [com.sapienter.jbilling.server.util.db.JbillingTableDAS] Looking for table + user_status
2011-09-27 15:37:44,489 DEBUG [com.sapienter.jbilling.server.util.db.JbillingTableDAS] Looking for table + subscriber_status
2011-09-27 15:37:44,495 DEBUG [com.sapienter.jbilling.server.util.db.JbillingTableDAS] Looking for table + role
2011-09-27 15:37:44,515 DEBUG [com.sapienter.jbilling.server.util.db.JbillingTableDAS] Looking for table + currency
2011-09-27 15:37:44,535 DEBUG [com.sapienter.jbilling.server.util.PreferenceBL] Now looking for preference 43 ent 1 table entity
2011-09-27 15:37:44,567 DEBUG [com.sapienter.jbilling.server.util.PreferenceBL] Now looking for preference 43 ent 1 table entity
2011-09-27 15:37:44,586 DEBUG [com.sapienter.jbilling.server.payment.tasks.PaymentFilterTask] UserIdFilter enabled
2011-09-27 15:37:44,586 DEBUG [com.sapienter.jbilling.server.payment.tasks.PaymentFilterTask] NameFilter enabled
2011-09-27 15:37:44,587 DEBUG [com.sapienter.jbilling.server.payment.tasks.PaymentFilterTask] CreditCardFilter enabled
2011-09-27 15:37:44,587 DEBUG [com.sapienter.jbilling.server.payment.tasks.PaymentFilterTask] AddressFilter enabled
2011-09-27 15:37:44,588 DEBUG [com.sapienter.jbilling.server.payment.tasks.PaymentFilterTask] IpAddressFilter enabled
2011-09-27 15:37:44,588 DEBUG [com.sapienter.jbilling.server.payment.tasks.PaymentFilterTask] PhoneFilter enabled
2011-09-27 15:37:44,663 DEBUG [com.sapienter.jbilling.server.user.UserSessionBean] DB password is [7d18d4c9ddb6790d732f70211345d1b5]
2011-09-27 15:37:44,663 DEBUG [com.sapienter.jbilling.server.user.UserSessionBean] result is 0
2011-09-27 15:37:44,709 DEBUG [com.sapienter.jbilling.server.util.PreferenceBL] Now looking for preference 43 ent 1 table entity
2011-09-27 15:37:44,716 DEBUG [com.sapienter.jbilling.server.util.PreferenceBL] Now looking for preference 43 ent 1 table entity
2011-09-27 15:37:44,722 DEBUG [com.sapienter.jbilling.server.payment.tasks.PaymentFilterTask] UserIdFilter enabled
2011-09-27 15:37:44,722 DEBUG [com.sapienter.jbilling.server.payment.tasks.PaymentFilterTask] NameFilter enabled
2011-09-27 15:37:44,722 DEBUG [com.sapienter.jbilling.server.payment.tasks.PaymentFilterTask] CreditCardFilter enabled
2011-09-27 15:37:44,722 DEBUG [com.sapienter.jbilling.server.payment.tasks.PaymentFilterTask] AddressFilter enabled
2011-09-27 15:37:44,722 DEBUG [com.sapienter.jbilling.server.payment.tasks.PaymentFilterTask] IpAddressFilter enabled
2011-09-27 15:37:44,722 DEBUG [com.sapienter.jbilling.server.payment.tasks.PaymentFilterTask] PhoneFilter enabled
2011-09-27 15:37:44,785 DEBUG [com.sapienter.jbilling.server.user.UserBL] Reading permisions for user 1
2011-09-27 15:37:44,812 DEBUG [com.sapienter.jbilling.server.user.UserBL] getting menu for user=1
2011-09-27 15:37:44,815 DEBUG [com.sapienter.jbilling.server.util.db.JbillingTableDAS] Looking for table + menu_option
2011-09-27 15:37:45,029 DEBUG [com.sapienter.jbilling.server.user.UserBL] Reading permisions for user 1
2011-09-27 15:37:45,081 DEBUG [com.sapienter.jbilling.server.util.PreferenceBL] Now looking for preference 40 ent 1 table entity
2011-09-27 15:37:45,090 DEBUG [com.sapienter.jbilling.client.user.UserLoginAction] user admin logged. entity = 1
2011-09-27 15:37:45,100 DEBUG [com.sapienter.jbilling.server.util.PreferenceBL] Now looking for preference 2 ent 1 table entity
2011-09-27 15:37:45,108 DEBUG [com.sapienter.jbilling.server.user.UserSessionBean] result for 2 =/billing/css/jbilling.css
2011-09-27 15:37:45,111 DEBUG [com.sapienter.jbilling.server.util.PreferenceBL] Now looking for preference 3 ent 1 table entity
2011-09-27 15:37:45,116 DEBUG [com.sapienter.jbilling.server.user.UserSessionBean] result for 3 =/billing/graphics/jbilling.jpg
2011-09-27 15:37:45,164 DEBUG [com.sapienter.jbilling.server.user.UserSessionBean] Getting welcome message for 1 language 1 status 1
2011-09-27 15:37:45,171 DEBUG [com.sapienter.jbilling.server.util.db.JbillingTableDAS] Looking for table + ageing_entity_step
2011-09-27 15:37:47,049 DEBUG [com.sapienter.jbilling.server.user.Menu] option selected now suboptions size = 4
2011-09-27 15:37:47,049 DEBUG [com.sapienter.jbilling.client.user.MenuSelectionFilter] Cleaning up the session
2011-09-27 15:37:47,070 DEBUG [com.sapienter.jbilling.client.list.GenericListTag] List requested:item
2011-09-27 15:37:47,071 DEBUG [com.sapienter.jbilling.client.list.GenericListTag] Running list item
2011-09-27 15:37:47,072 DEBUG [com.sapienter.jbilling.server.list.ListSessionBean] List requested for typeitem param = {entityId=1, languageId=1}
2011-09-27 15:38:08,790 DEBUG [com.sapienter.jbilling.client.list.GenericListTag] List requested:type
2011-09-27 15:38:08,790 DEBUG [com.sapienter.jbilling.client.list.GenericListTag] Running list type
2011-09-27 15:38:08,791 DEBUG [com.sapienter.jbilling.server.list.ListSessionBean] List requested for typetype param = {entityId=1, languageId=1}
